
https://towardsdatascience.com/how-to-scrape-html-tables-with-python-pandas-98d18d2129cb?source=rss----7f60cf5620c9---4
https://towardsdatascience.com/random-forest-in-simple-english-why-is-it-so-popular-3ba04d0374d?source=rss----7f60cf5620c9---4
https://towardsdatascience.com/mastering-xgboost-2eb6bce6bc76?source=rss----7f60cf5620c9---4
https://towardsdatascience.com/linear-regression-assumptions-why-is-it-important-af28438a44a1?source=rss----7f60cf5620c9---4
https://towardsdatascience.com/using-the-5-stage-data-maturity-model-for-organizational-impact-d398ddd07c4c?source=rss----7f60cf5620c9---4
https://towardsdatascience.com/amazon-sagemaker-and-transformers-train-and-deploy-a-summarization-model-with-a-custom-dataset-5efc589fedad?source=rss----7f60cf5620c9---4
https://towardsdatascience.com/genetic-programming-for-image-classification-a505950c5467?source=rss----7f60cf5620c9---4
https://towardsdatascience.com/exploring-disruptions-in-real-estate-during-covid-using-pycarets-rapid-modeling-pipeline-7e8583bd266b?source=rss----7f60cf5620c9---4
https://towardsdatascience.com/10x-times-faster-pandas-apply-in-a-single-line-change-of-code-c42cb5e82f6d?source=rss----7f60cf5620c9---4
https://towardsdatascience.com/space-and-time-complexity-in-computer-algorithms-a7fffe9e4683?source=rss----7f60cf5620c9---4
http://arxiv.org/abs/2107.06317
http://arxiv.org/abs/2107.06428
http://arxiv.org/abs/2107.06466
http://arxiv.org/abs/2107.06473
http://arxiv.org/abs/2107.06475
http://arxiv.org/abs/2107.06534
http://arxiv.org/abs/2107.06566
http://arxiv.org/abs/2107.06615
http://arxiv.org/abs/2107.06650
http://arxiv.org/abs/2107.06658
http://arxiv.org/abs/2107.06675
http://arxiv.org/abs/2107.06876
http://arxiv.org/abs/1806.00421
http://arxiv.org/abs/2003.08938
http://arxiv.org/abs/2004.08100
http://arxiv.org/abs/2006.02804
http://arxiv.org/abs/2007.06093
http://arxiv.org/abs/2009.13370
http://arxiv.org/abs/2010.13275
http://arxiv.org/abs/2012.08791
http://arxiv.org/abs/2101.11156
http://arxiv.org/abs/2102.04313
http://arxiv.org/abs/2102.05291
http://arxiv.org/abs/2102.08817
http://arxiv.org/abs/2103.01926
http://arxiv.org/abs/2103.04217
http://arxiv.org/abs/2103.11948
http://arxiv.org/abs/2104.09937
http://arxiv.org/abs/2106.04887
http://arxiv.org/abs/2107.02266
http://arxiv.org/abs/2107.05326
http://arxiv.org/abs/2107.05585
https://towardsdatascience.com/managing-supply-and-demand-balance-through-machine-learning-70d4f0808617?source=rss----7f60cf5620c9---4
https://towardsdatascience.com/uber-data-scientist-interview-experience-78305114540c?source=rss----7f60cf5620c9---4
https://towardsdatascience.com/getting-started-with-nlp-in-python-6a14d0bf4cfe?source=rss----7f60cf5620c9---4
https://towardsdatascience.com/how-to-learn-matlab-f96160fc46b2?source=rss----7f60cf5620c9---4
https://towardsdatascience.com/russian-bridges-eulerian-circuits-and-genome-assembly-9fd1d84832e9?source=rss----7f60cf5620c9---4
https://towardsdatascience.com/side-by-side-comparison-of-strings-in-python-b9491ac858?source=rss----7f60cf5620c9---4
https://towardsdatascience.com/how-to-select-a-data-splitting-method-4cf6bc6991da?source=rss----7f60cf5620c9---4
https://towardsdatascience.com/how-to-remove-non-stationarity-in-time-series-forecasting-563c05c4bfc7?source=rss----7f60cf5620c9---4
https://towardsdatascience.com/create-weather-proof-validations-for-your-time-series-forecasting-model-d456a1037c4f?source=rss----7f60cf5620c9---4
https://towardsdatascience.com/10-python-modules-for-full-stack-automation-and-testing-eabccd2f025c?source=rss----7f60cf5620c9---4
http://arxiv.org/abs/2107.06929
http://arxiv.org/abs/2107.07014
http://arxiv.org/abs/2107.07087
http://arxiv.org/abs/2107.07098
http://arxiv.org/abs/2107.07115
http://arxiv.org/abs/2107.07160
http://arxiv.org/abs/2107.07211
http://arxiv.org/abs/2107.07232
http://arxiv.org/abs/2107.07281
http://arxiv.org/abs/2107.07322
http://arxiv.org/abs/2107.07340
http://arxiv.org/abs/2107.07352
http://arxiv.org/abs/2107.07371
http://arxiv.org/abs/2107.07432
http://arxiv.org/abs/2107.07436
http://arxiv.org/abs/2107.07443
http://arxiv.org/abs/2107.07455
http://arxiv.org/abs/2107.07480
http://arxiv.org/abs/2107.07494
http://arxiv.org/abs/2107.07511
http://arxiv.org/abs/1911.02161
http://arxiv.org/abs/2002.00865
http://arxiv.org/abs/2003.07982
http://arxiv.org/abs/2004.11094
http://arxiv.org/abs/2005.00054
http://arxiv.org/abs/2006.08177
http://arxiv.org/abs/2006.16485
http://arxiv.org/abs/2007.15847
http://arxiv.org/abs/2009.03887
http://arxiv.org/abs/2011.04538
http://arxiv.org/abs/2012.00745
http://arxiv.org/abs/2102.00760
http://arxiv.org/abs/2102.02789
http://arxiv.org/abs/2102.11658
http://arxiv.org/abs/2103.02512
http://arxiv.org/abs/2103.04150
http://arxiv.org/abs/2103.10620
http://arxiv.org/abs/2104.01708
http://arxiv.org/abs/2105.01426
http://arxiv.org/abs/2106.12382
http://arxiv.org/abs/2106.12423
http://arxiv.org/abs/2106.13694
http://arxiv.org/abs/2107.05847
https://towardsdatascience.com/bayesian-structural-time-series-interruption-method-5018761db92b?source=rss----7f60cf5620c9---4
https://towardsdatascience.com/intuitively-understand-maximum-likelihood-121893bea5d0?source=rss----7f60cf5620c9---4
https://towardsdatascience.com/creating-aligned-product-teams-with-research-scientists-e4725ed735d7?source=rss----7f60cf5620c9---4
https://towardsdatascience.com/fully-automating-your-ml-pipelines-with-the-aws-ci-cd-tools-bfc337aa77c3?source=rss----7f60cf5620c9---4
https://towardsdatascience.com/automating-mundane-web-based-tasks-with-selenium-and-heroku-715a2f1ec35e?source=rss----7f60cf5620c9---4
https://towardsdatascience.com/python-for-excel-users-part-1-c44bacff4adc?source=rss----7f60cf5620c9---4
https://towardsdatascience.com/9-unexplored-python-libraries-that-will-amaze-you-d0803a4516ba?source=rss----7f60cf5620c9---4
https://towardsdatascience.com/extracting-solar-power-potential-using-global-solar-atlas-b2502f39123e?source=rss----7f60cf5620c9---4
https://towardsdatascience.com/human-resource-analytics-can-we-predict-employee-turnover-with-caret-in-r-3d871217e708?source=rss----7f60cf5620c9---4
https://towardsdatascience.com/how-to-host-jupyter-notebook-slides-on-github-d785f30e6e2?source=rss----7f60cf5620c9---4
http://arxiv.org/abs/2107.07618
http://arxiv.org/abs/2107.07623
http://arxiv.org/abs/2107.07640
http://arxiv.org/abs/2107.07687
http://arxiv.org/abs/2107.07724
http://arxiv.org/abs/2107.07799
http://arxiv.org/abs/2107.07828
http://arxiv.org/abs/2107.07853
http://arxiv.org/abs/2107.07875
http://arxiv.org/abs/2107.07974
http://arxiv.org/abs/2107.08001
http://arxiv.org/abs/2107.08020
http://arxiv.org/abs/1706.04416
http://arxiv.org/abs/1809.09910
http://arxiv.org/abs/1906.00830
http://arxiv.org/abs/2004.02653
http://arxiv.org/abs/2004.13688
http://arxiv.org/abs/2005.09048
http://arxiv.org/abs/2006.07886
http://arxiv.org/abs/2007.04785
http://arxiv.org/abs/2009.06918
http://arxiv.org/abs/2009.12789
http://arxiv.org/abs/2010.08853
http://arxiv.org/abs/2012.05199
http://arxiv.org/abs/2012.11048
http://arxiv.org/abs/2012.14172
http://arxiv.org/abs/2101.11816
http://arxiv.org/abs/2102.00815
http://arxiv.org/abs/2102.03390
http://arxiv.org/abs/2102.08591
http://arxiv.org/abs/2102.12353
http://arxiv.org/abs/2104.10785
http://arxiv.org/abs/2106.03686
http://arxiv.org/abs/2106.13805
http://arxiv.org/abs/2107.06898
https://towardsdatascience.com/python-managing-our-love-hate-relationship-with-its-syntactic-beauty-and-crazy-slow-speeds-4fbb7917a2e8?source=rss----7f60cf5620c9---4
https://towardsdatascience.com/dionysos-2-0-wine-recommeder-system-interactive-tastespace-d631f3c35d5e?source=rss----7f60cf5620c9---4
https://towardsdatascience.com/covidsimnet-introducing-a-method-to-determine-similar-covid-cities-6d6701aad03b?source=rss----7f60cf5620c9---4
https://towardsdatascience.com/data-manipulation-sql-vs-pandas-116bb33a9abf?source=rss----7f60cf5620c9---4
https://towardsdatascience.com/design-patterns-for-machine-learning-410be845c0db?source=rss----7f60cf5620c9---4
https://towardsdatascience.com/cracking-microsoft-power-bi-da-100-exam-8df7d6bf53c7?source=rss----7f60cf5620c9---4
https://towardsdatascience.com/machine-made-art-using-generative-adversarial-networks-35faa41a4feb?source=rss----7f60cf5620c9---4
https://towardsdatascience.com/object-oriented-programming-oop-in-python-56b1f3229c0f?source=rss----7f60cf5620c9---4
https://towardsdatascience.com/heres-the-most-efficient-way-to-iterate-through-your-pandas-dataframe-4dad88ac92ee?source=rss----7f60cf5620c9---4
https://towardsdatascience.com/bayes-theorem-demystified-8f895bb31510?source=rss----7f60cf5620c9---4
http://arxiv.org/abs/2107.08089
http://arxiv.org/abs/2107.08135
http://arxiv.org/abs/2107.08140
http://arxiv.org/abs/2107.08179
http://arxiv.org/abs/2107.08195
http://arxiv.org/abs/2107.08209
http://arxiv.org/abs/2107.08265
http://arxiv.org/abs/2107.08273
http://arxiv.org/abs/2107.08346
http://arxiv.org/abs/2107.08353
http://arxiv.org/abs/2107.08444
http://arxiv.org/abs/2107.08459
http://arxiv.org/abs/2107.08461
http://arxiv.org/abs/2107.08465
http://arxiv.org/abs/2107.08467
http://arxiv.org/abs/2107.08498
http://arxiv.org/abs/2107.08595
http://arxiv.org/abs/2107.08596
http://arxiv.org/abs/2107.08648
http://arxiv.org/abs/2107.08649
http://arxiv.org/abs/2107.08686
http://arxiv.org/abs/2107.08756
http://arxiv.org/abs/2107.08761
http://arxiv.org/abs/2107.08784
http://arxiv.org/abs/2107.08881
http://arxiv.org/abs/2107.08924
http://arxiv.org/abs/2107.08928
http://arxiv.org/abs/2107.08933
http://arxiv.org/abs/2107.09028
http://arxiv.org/abs/2107.09044
http://arxiv.org/abs/1705.07164
http://arxiv.org/abs/1810.03024
http://arxiv.org/abs/1910.09739
http://arxiv.org/abs/1911.05461
http://arxiv.org/abs/2002.04783
http://arxiv.org/abs/2002.06470
http://arxiv.org/abs/2002.09478
http://arxiv.org/abs/2002.09806
http://arxiv.org/abs/2004.05094
http://arxiv.org/abs/2006.06979
http://arxiv.org/abs/2006.07458
http://arxiv.org/abs/2006.10483
http://arxiv.org/abs/2006.12301
http://arxiv.org/abs/2007.02443
http://arxiv.org/abs/2008.01683
http://arxiv.org/abs/2008.07545
http://arxiv.org/abs/2008.12623
http://arxiv.org/abs/2009.00038
http://arxiv.org/abs/2009.06342
http://arxiv.org/abs/2011.05601
http://arxiv.org/abs/2011.12916
http://arxiv.org/abs/2102.00434
http://arxiv.org/abs/2102.11830
http://arxiv.org/abs/2102.11866
http://arxiv.org/abs/2103.00502
http://arxiv.org/abs/2103.05299
http://arxiv.org/abs/2103.16336
http://arxiv.org/abs/2104.04046
http://arxiv.org/abs/2106.07830
http://arxiv.org/abs/2107.03920
http://arxiv.org/abs/2006.10564